Change Component Footprint: Designator=AD_H1 Old Footprint=Header 8x1 8.5mm New Footprint=HDR1X8
Change Component Comment : Designator=AD_H1 Old Comment=AD_H New Comment=Header 8
Change component parameters: Designator = "AD_H1" ("AD_H1"); Footprint = "Header 8x1 8.5mm"; UniqueID = "\YUPFYUYL" ("\YUPFYUYL")
Change component parameters (AddParameter): Name = "LatestRevisionDate"; Value = "17-Jul-2002"; VariantName = "[No Variations]"
Change component parameters (AddParameter): Name = "LatestRevisionNote"; Value = "Re-released for DXP Platform."; VariantName = "[No Variations]"
Change component parameters (AddParameter): Name = "Publisher"; Value = "Altium Limited"; VariantName = "[No Variations]"
Added Component: Designator=AD_L1(HDR1X8)
Add component (AddParameter): Name = "LatestRevisionDate"; Value = "17-Jul-2002"; VariantName = "[No Variations]"
Add component (AddParameter): Name = "LatestRevisionNote"; Value = "Re-released for DXP Platform."; VariantName = "[No Variations]"
Add component (AddParameter): Name = "Publisher"; Value = "Altium Limited"; VariantName = "[No Variations]"
Added Component: Designator=ADC l(HDR1X16)
Add component (AddParameter): Name = "LatestRevisionDate"; Value = "17-Jul-2002"; VariantName = "[No Variations]"
Add component (AddParameter): Name = "LatestRevisionNote"; Value = "Re-released for DXP Platform."; VariantName = "[No Variations]"
Add component (AddParameter): Name = "Publisher"; Value = "Altium Limited"; VariantName = "[No Variations]"
Added Component: Designator=ADC r(HDR1X8)
Add component (AddParameter): Name = "LatestRevisionDate"; Value = "17-Jul-2002"; VariantName = "[No Variations]"
Add component (AddParameter): Name = "LatestRevisionNote"; Value = "Re-released for DXP Platform."; VariantName = "[No Variations]"
Add component (AddParameter): Name = "Publisher"; Value = "Altium Limited"; VariantName = "[No Variations]"
Added Component: Designator=C1(CAPR5-4X5)
Add component (AddParameter): Name = "PackageDescription"; Value = "Capacitor; 2 Leads"; VariantName = "[No Variations]"
Add component (AddParameter): Name = "PackageReference"; Value = "CAPR5-4X5"; VariantName = "[No Variations]"
Add component (AddParameter): Name = "Published"; Value = "23-Sep-2002"; VariantName = "[No Variations]"
Add component (AddParameter): Name = "Publisher"; Value = "Altium Limited"; VariantName = "[No Variations]"
Add component (AddParameter): Name = "Value"; Value = "100nf"; VariantName = "[No Variations]"
Added Component: Designator=C2(CAPR5-4X5)
Add component (AddParameter): Name = "PackageDescription"; Value = "Capacitor; 2 Leads"; VariantName = "[No Variations]"
Add component (AddParameter): Name = "PackageReference"; Value = "CAPR5-4X5"; VariantName = "[No Variations]"
Add component (AddParameter): Name = "Published"; Value = "23-Sep-2002"; VariantName = "[No Variations]"
Add component (AddParameter): Name = "Publisher"; Value = "Altium Limited"; VariantName = "[No Variations]"
Add component (AddParameter): Name = "Value"; Value = "100nf"; VariantName = "[No Variations]"
Added Component: Designator=COMMS(HDR1X8)
Add component (AddParameter): Name = "LatestRevisionDate"; Value = "17-Jul-2002"; VariantName = "[No Variations]"
Add component (AddParameter): Name = "LatestRevisionNote"; Value = "Re-released for DXP Platform."; VariantName = "[No Variations]"
Add component (AddParameter): Name = "Publisher"; Value = "Altium Limited"; VariantName = "[No Variations]"
Added Component: Designator=DIGITAL1(HDR2X18)
Add component (AddParameter): Name = "LatestRevisionDate"; Value = "17-Jul-2002"; VariantName = "[No Variations]"
Add component (AddParameter): Name = "LatestRevisionNote"; Value = "Re-released for DXP Platform."; VariantName = "[No Variations]"
Add component (AddParameter): Name = "Publisher"; Value = "Altium Limited"; VariantName = "[No Variations]"
Added Component: Designator=I2c l(HDR1X12)
Add component (AddParameter): Name = "LatestRevisionDate"; Value = "17-Jul-2002"; VariantName = "[No Variations]"
Add component (AddParameter): Name = "LatestRevisionNote"; Value = "Re-released for DXP Platform."; VariantName = "[No Variations]"
Add component (AddParameter): Name = "Publisher"; Value = "Altium Limited"; VariantName = "[No Variations]"
Added Component: Designator=I2c r(HDR1X12)
Add component (AddParameter): Name = "LatestRevisionDate"; Value = "17-Jul-2002"; VariantName = "[No Variations]"
Add component (AddParameter): Name = "LatestRevisionNote"; Value = "Re-released for DXP Platform."; VariantName = "[No Variations]"
Add component (AddParameter): Name = "Publisher"; Value = "Altium Limited"; VariantName = "[No Variations]"
Added Component: Designator=Input 5v(HDR1X2)
Add component (AddParameter): Name = "LatestRevisionDate"; Value = "17-Jul-2002"; VariantName = "[No Variations]"
Add component (AddParameter): Name = "LatestRevisionNote"; Value = "Re-released for DXP Platform."; VariantName = "[No Variations]"
Add component (AddParameter): Name = "Publisher"; Value = "Altium Limited"; VariantName = "[No Variations]"
Added Component: Designator=P1(HDR1X2)
Add component (AddParameter): Name = "LatestRevisionDate"; Value = "17-Jul-2002"; VariantName = "[No Variations]"
Add component (AddParameter): Name = "LatestRevisionNote"; Value = "Re-released for DXP Platform."; VariantName = "[No Variations]"
Add component (AddParameter): Name = "Publisher"; Value = "Altium Limited"; VariantName = "[No Variations]"
Added Component: Designator=P2(HDR1X2)
Add component (AddParameter): Name = "LatestRevisionDate"; Value = "17-Jul-2002"; VariantName = "[No Variations]"
Add component (AddParameter): Name = "LatestRevisionNote"; Value = "Re-released for DXP Platform."; VariantName = "[No Variations]"
Add component (AddParameter): Name = "Publisher"; Value = "Altium Limited"; VariantName = "[No Variations]"
Added Component: Designator=P3(HDR1X2)
Add component (AddParameter): Name = "LatestRevisionDate"; Value = "17-Jul-2002"; VariantName = "[No Variations]"
Add component (AddParameter): Name = "LatestRevisionNote"; Value = "Re-released for DXP Platform."; VariantName = "[No Variations]"
Add component (AddParameter): Name = "Publisher"; Value = "Altium Limited"; VariantName = "[No Variations]"
Added Component: Designator=P4(HDR1X2)
Add component (AddParameter): Name = "LatestRevisionDate"; Value = "17-Jul-2002"; VariantName = "[No Variations]"
Add component (AddParameter): Name = "LatestRevisionNote"; Value = "Re-released for DXP Platform."; VariantName = "[No Variations]"
Add component (AddParameter): Name = "Publisher"; Value = "Altium Limited"; VariantName = "[No Variations]"
Added Component: Designator=P5(HDR1X2)
Add component (AddParameter): Name = "LatestRevisionDate"; Value = "17-Jul-2002"; VariantName = "[No Variations]"
Add component (AddParameter): Name = "LatestRevisionNote"; Value = "Re-released for DXP Platform."; VariantName = "[No Variations]"
Add component (AddParameter): Name = "Publisher"; Value = "Altium Limited"; VariantName = "[No Variations]"
Added Component: Designator=P6(HDR1X2)
Add component (AddParameter): Name = "LatestRevisionDate"; Value = "17-Jul-2002"; VariantName = "[No Variations]"
Add component (AddParameter): Name = "LatestRevisionNote"; Value = "Re-released for DXP Platform."; VariantName = "[No Variations]"
Add component (AddParameter): Name = "Publisher"; Value = "Altium Limited"; VariantName = "[No Variations]"
Added Component: Designator=P7(HDR1X2)
Add component (AddParameter): Name = "LatestRevisionDate"; Value = "17-Jul-2002"; VariantName = "[No Variations]"
Add component (AddParameter): Name = "LatestRevisionNote"; Value = "Re-released for DXP Platform."; VariantName = "[No Variations]"
Add component (AddParameter): Name = "Publisher"; Value = "Altium Limited"; VariantName = "[No Variations]"
Added Component: Designator=P8(HDR1X2)
Add component (AddParameter): Name = "LatestRevisionDate"; Value = "17-Jul-2002"; VariantName = "[No Variations]"
Add component (AddParameter): Name = "LatestRevisionNote"; Value = "Re-released for DXP Platform."; VariantName = "[No Variations]"
Add component (AddParameter): Name = "Publisher"; Value = "Altium Limited"; VariantName = "[No Variations]"
Added Component: Designator=P10(HDR1X5)
Add component (AddParameter): Name = "LatestRevisionDate"; Value = "17-Jul-2002"; VariantName = "[No Variations]"
Add component (AddParameter): Name = "LatestRevisionNote"; Value = "Re-released for DXP Platform."; VariantName = "[No Variations]"
Add component (AddParameter): Name = "Publisher"; Value = "Altium Limited"; VariantName = "[No Variations]"
Added Component: Designator=P11(HDR1X16)
Add component (AddParameter): Name = "LatestRevisionDate"; Value = "17-Jul-2002"; VariantName = "[No Variations]"
Add component (AddParameter): Name = "LatestRevisionNote"; Value = "Re-released for DXP Platform."; VariantName = "[No Variations]"
Add component (AddParameter): Name = "Publisher"; Value = "Altium Limited"; VariantName = "[No Variations]"
Added Component: Designator=P in(HDR1X2)
Add component (AddParameter): Name = "LatestRevisionDate"; Value = "17-Jul-2002"; VariantName = "[No Variations]"
Add component (AddParameter): Name = "LatestRevisionNote"; Value = "Re-released for DXP Platform."; VariantName = "[No Variations]"
Add component (AddParameter): Name = "Publisher"; Value = "Altium Limited"; VariantName = "[No Variations]"
Added Component: Designator=POWER1(HDR1X6)
Add component (AddParameter): Name = "LatestRevisionDate"; Value = "17-Jul-2002"; VariantName = "[No Variations]"
Add component (AddParameter): Name = "LatestRevisionNote"; Value = "Re-released for DXP Platform."; VariantName = "[No Variations]"
Add component (AddParameter): Name = "Publisher"; Value = "Altium Limited"; VariantName = "[No Variations]"
Added Component: Designator=PWM_H(HDR1X8)
Add component (AddParameter): Name = "LatestRevisionDate"; Value = "17-Jul-2002"; VariantName = "[No Variations]"
Add component (AddParameter): Name = "LatestRevisionNote"; Value = "Re-released for DXP Platform."; VariantName = "[No Variations]"
Add component (AddParameter): Name = "Publisher"; Value = "Altium Limited"; VariantName = "[No Variations]"
Added Component: Designator=PWM_L(HDR1X8)
Add component (AddParameter): Name = "LatestRevisionDate"; Value = "17-Jul-2002"; VariantName = "[No Variations]"
Add component (AddParameter): Name = "LatestRevisionNote"; Value = "Re-released for DXP Platform."; VariantName = "[No Variations]"
Add component (AddParameter): Name = "Publisher"; Value = "Altium Limited"; VariantName = "[No Variations]"
Added Pin To Net: NetName=+5 Pin=ADC r-7
Added Pin To Net: NetName=+5 Pin=C1-1
Added Pin To Net: NetName=+5 Pin=C2-1
Added Pin To Net: NetName=+5 Pin=I2c l-1
Added Pin To Net: NetName=+5 Pin=Input 5v-1
Added Net: Name=+5
Added Pin To Net: NetName=3V3 Pin=POWER1-5
Added Net: Name=3V3
Added Pin To Net: NetName=5V Pin=DIGITAL1-1
Added Pin To Net: NetName=5V Pin=DIGITAL1-2
Added Pin To Net: NetName=5V Pin=POWER1-4
Added Net: Name=5V
Added Pin To Net: NetName=AD0 Pin=AD_L1-1
Added Net: Name=AD0
Added Pin To Net: NetName=AD1 Pin=AD_L1-2
Added Net: Name=AD1
Added Pin To Net: NetName=AD2 Pin=AD_L1-3
Added Net: Name=AD2
Added Pin To Net: NetName=AD3 Pin=AD_L1-4
Added Net: Name=AD3
Added Pin To Net: NetName=AD4 Pin=AD_L1-5
Added Net: Name=AD4
Added Pin To Net: NetName=AD5 Pin=AD_L1-6
Added Net: Name=AD5
Added Pin To Net: NetName=AD6 Pin=AD_L1-7
Added Net: Name=AD6
Added Pin To Net: NetName=AD7 Pin=AD_L1-8
Added Net: Name=AD7
Added Pin To Net: NetName=AD8 Pin=AD_H1-1
Added Net: Name=AD8
Added Pin To Net: NetName=AD9 Pin=AD_H1-2
Added Net: Name=AD9
Added Pin To Net: NetName=AD10 Pin=AD_H1-3
Added Net: Name=AD10
Added Pin To Net: NetName=AD11 Pin=AD_H1-4
Added Net: Name=AD11
Added Pin To Net: NetName=AD12 Pin=AD_H1-5
Added Net: Name=AD12
Added Pin To Net: NetName=AD13 Pin=AD_H1-6
Added Net: Name=AD13
Added Pin To Net: NetName=AD14 Pin=AD_H1-7
Added Net: Name=AD14
Added Pin To Net: NetName=AD15 Pin=AD_H1-8
Added Net: Name=AD15
Added Pin To Net: NetName=AREF Pin=PWM_H-8
Added Net: Name=AREF
Added Pin To Net: NetName=GND Pin=ADC r-6
Added Pin To Net: NetName=GND Pin=ADC r-8
Added Pin To Net: NetName=GND Pin=C1-2
Added Pin To Net: NetName=GND Pin=C2-2
Added Pin To Net: NetName=GND Pin=DIGITAL1-35
Added Pin To Net: NetName=GND Pin=DIGITAL1-36
Added Pin To Net: NetName=GND Pin=I2c l-2
Added Pin To Net: NetName=GND Pin=Input 5v-2
Added Pin To Net: NetName=GND Pin=POWER1-2
Added Pin To Net: NetName=GND Pin=POWER1-3
Added Pin To Net: NetName=GND Pin=PWM_H-7
Added Net: Name=GND
Added Pin To Net: NetName=IO22 Pin=DIGITAL1-3
Added Net: Name=IO22
Added Pin To Net: NetName=IO23 Pin=DIGITAL1-4
Added Net: Name=IO23
Added Pin To Net: NetName=IO24 Pin=DIGITAL1-5
Added Net: Name=IO24
Added Pin To Net: NetName=IO25 Pin=DIGITAL1-6
Added Net: Name=IO25
Added Pin To Net: NetName=IO26 Pin=DIGITAL1-7
Added Net: Name=IO26
Added Pin To Net: NetName=IO27 Pin=DIGITAL1-8
Added Net: Name=IO27
Added Pin To Net: NetName=IO28 Pin=DIGITAL1-9
Added Net: Name=IO28
Added Pin To Net: NetName=IO29 Pin=DIGITAL1-10
Added Net: Name=IO29
Added Pin To Net: NetName=IO30 Pin=DIGITAL1-11
Added Net: Name=IO30
Added Pin To Net: NetName=IO31 Pin=DIGITAL1-12
Added Net: Name=IO31
Added Pin To Net: NetName=IO32 Pin=DIGITAL1-13
Added Net: Name=IO32
Added Pin To Net: NetName=IO33 Pin=DIGITAL1-14
Added Net: Name=IO33
Added Pin To Net: NetName=IO34 Pin=DIGITAL1-15
Added Net: Name=IO34
Added Pin To Net: NetName=IO35 Pin=DIGITAL1-16
Added Net: Name=IO35
Added Pin To Net: NetName=IO36 Pin=DIGITAL1-17
Added Net: Name=IO36
Added Pin To Net: NetName=IO37 Pin=DIGITAL1-18
Added Net: Name=IO37
Added Pin To Net: NetName=IO38 Pin=DIGITAL1-19
Added Net: Name=IO38
Added Pin To Net: NetName=IO39 Pin=DIGITAL1-20
Added Net: Name=IO39
Added Pin To Net: NetName=IO40 Pin=DIGITAL1-21
Added Net: Name=IO40
Added Pin To Net: NetName=IO41 Pin=DIGITAL1-22
Added Net: Name=IO41
Added Pin To Net: NetName=IO42 Pin=DIGITAL1-23
Added Net: Name=IO42
Added Pin To Net: NetName=IO43 Pin=DIGITAL1-24
Added Net: Name=IO43
Added Pin To Net: NetName=IO44 Pin=DIGITAL1-25
Added Net: Name=IO44
Added Pin To Net: NetName=IO45 Pin=DIGITAL1-26
Added Net: Name=IO45
Added Pin To Net: NetName=IO46 Pin=DIGITAL1-27
Added Net: Name=IO46
Added Pin To Net: NetName=IO47 Pin=DIGITAL1-28
Added Net: Name=IO47
Added Pin To Net: NetName=IO48 Pin=DIGITAL1-29
Added Net: Name=IO48
Added Pin To Net: NetName=IO49 Pin=DIGITAL1-30
Added Net: Name=IO49
Added Pin To Net: NetName=IO50 Pin=DIGITAL1-31
Added Net: Name=IO50
Added Pin To Net: NetName=IO51 Pin=DIGITAL1-32
Added Net: Name=IO51
Added Pin To Net: NetName=IO52 Pin=DIGITAL1-33
Added Net: Name=IO52
Added Pin To Net: NetName=IO53 Pin=DIGITAL1-34
Added Net: Name=IO53
Added Pin To Net: NetName=NetADC l_1 Pin=ADC l-1
Added Pin To Net: NetName=NetADC l_1 Pin=P11-1
Added Net: Name=NetADC l_1
Added Pin To Net: NetName=NetADC l_2 Pin=ADC l-2
Added Pin To Net: NetName=NetADC l_2 Pin=P11-2
Added Net: Name=NetADC l_2
Added Pin To Net: NetName=NetADC l_3 Pin=ADC l-3
Added Pin To Net: NetName=NetADC l_3 Pin=P11-3
Added Net: Name=NetADC l_3
Added Pin To Net: NetName=NetADC l_4 Pin=ADC l-4
Added Pin To Net: NetName=NetADC l_4 Pin=P11-4
Added Net: Name=NetADC l_4
Added Pin To Net: NetName=NetADC l_5 Pin=ADC l-5
Added Pin To Net: NetName=NetADC l_5 Pin=P11-5
Added Net: Name=NetADC l_5
Added Pin To Net: NetName=NetADC l_6 Pin=ADC l-6
Added Pin To Net: NetName=NetADC l_6 Pin=P11-6
Added Net: Name=NetADC l_6
Added Pin To Net: NetName=NetADC l_7 Pin=ADC l-7
Added Pin To Net: NetName=NetADC l_7 Pin=P11-7
Added Net: Name=NetADC l_7
Added Pin To Net: NetName=NetADC l_8 Pin=ADC l-8
Added Pin To Net: NetName=NetADC l_8 Pin=P11-8
Added Net: Name=NetADC l_8
Added Pin To Net: NetName=NetADC l_9 Pin=ADC l-9
Added Pin To Net: NetName=NetADC l_9 Pin=P11-9
Added Net: Name=NetADC l_9
Added Pin To Net: NetName=NetADC l_10 Pin=ADC l-10
Added Pin To Net: NetName=NetADC l_10 Pin=P11-10
Added Net: Name=NetADC l_10
Added Pin To Net: NetName=NetADC l_11 Pin=ADC l-11
Added Pin To Net: NetName=NetADC l_11 Pin=P11-11
Added Net: Name=NetADC l_11
Added Pin To Net: NetName=NetADC l_12 Pin=ADC l-12
Added Pin To Net: NetName=NetADC l_12 Pin=P11-12
Added Net: Name=NetADC l_12
Added Pin To Net: NetName=NetADC l_13 Pin=ADC l-13
Added Pin To Net: NetName=NetADC l_13 Pin=P11-13
Added Net: Name=NetADC l_13
Added Pin To Net: NetName=NetADC l_14 Pin=ADC l-14
Added Pin To Net: NetName=NetADC l_14 Pin=P11-14
Added Net: Name=NetADC l_14
Added Pin To Net: NetName=NetADC l_15 Pin=ADC l-15
Added Pin To Net: NetName=NetADC l_15 Pin=P11-15
Added Net: Name=NetADC l_15
Added Pin To Net: NetName=NetADC l_16 Pin=ADC l-16
Added Pin To Net: NetName=NetADC l_16 Pin=P11-16
Added Net: Name=NetADC l_16
Added Pin To Net: NetName=NetADC r_1 Pin=ADC r-1
Added Pin To Net: NetName=NetADC r_1 Pin=P10-5
Added Net: Name=NetADC r_1
Added Pin To Net: NetName=NetADC r_2 Pin=ADC r-2
Added Pin To Net: NetName=NetADC r_2 Pin=P10-4
Added Net: Name=NetADC r_2
Added Pin To Net: NetName=NetADC r_3 Pin=ADC r-3
Added Pin To Net: NetName=NetADC r_3 Pin=P10-3
Added Net: Name=NetADC r_3
Added Pin To Net: NetName=NetADC r_4 Pin=ADC r-4
Added Pin To Net: NetName=NetADC r_4 Pin=P10-2
Added Net: Name=NetADC r_4
Added Pin To Net: NetName=NetADC r_5 Pin=ADC r-5
Added Pin To Net: NetName=NetADC r_5 Pin=P10-1
Added Net: Name=NetADC r_5
Added Pin To Net: NetName=NetI2c l_3 Pin=I2c l-3
Added Pin To Net: NetName=NetI2c l_3 Pin=P in-1
Added Net: Name=NetI2c l_3
Added Pin To Net: NetName=NetI2c l_4 Pin=I2c l-4
Added Pin To Net: NetName=NetI2c l_4 Pin=P in-2
Added Net: Name=NetI2c l_4
Added Pin To Net: NetName=NetI2c l_9 Pin=I2c l-9
Added Pin To Net: NetName=NetI2c l_9 Pin=P1-1
Added Net: Name=NetI2c l_9
Added Pin To Net: NetName=NetI2c l_10 Pin=I2c l-10
Added Pin To Net: NetName=NetI2c l_10 Pin=P1-2
Added Net: Name=NetI2c l_10
Added Pin To Net: NetName=NetI2c l_11 Pin=I2c l-11
Added Pin To Net: NetName=NetI2c l_11 Pin=P2-1
Added Net: Name=NetI2c l_11
Added Pin To Net: NetName=NetI2c l_12 Pin=I2c l-12
Added Pin To Net: NetName=NetI2c l_12 Pin=P2-2
Added Net: Name=NetI2c l_12
Added Pin To Net: NetName=NetI2c r_1 Pin=I2c r-1
Added Pin To Net: NetName=NetI2c r_1 Pin=P8-1
Added Net: Name=NetI2c r_1
Added Pin To Net: NetName=NetI2c r_2 Pin=I2c r-2
Added Pin To Net: NetName=NetI2c r_2 Pin=P8-2
Added Net: Name=NetI2c r_2
Added Pin To Net: NetName=NetI2c r_3 Pin=I2c r-3
Added Pin To Net: NetName=NetI2c r_3 Pin=P7-1
Added Net: Name=NetI2c r_3
Added Pin To Net: NetName=NetI2c r_4 Pin=I2c r-4
Added Pin To Net: NetName=NetI2c r_4 Pin=P7-2
Added Net: Name=NetI2c r_4
Added Pin To Net: NetName=NetI2c r_5 Pin=I2c r-5
Added Pin To Net: NetName=NetI2c r_5 Pin=P6-1
Added Net: Name=NetI2c r_5
Added Pin To Net: NetName=NetI2c r_6 Pin=I2c r-6
Added Pin To Net: NetName=NetI2c r_6 Pin=P6-2
Added Net: Name=NetI2c r_6
Added Pin To Net: NetName=NetI2c r_7 Pin=I2c r-7
Added Pin To Net: NetName=NetI2c r_7 Pin=P5-1
Added Net: Name=NetI2c r_7
Added Pin To Net: NetName=NetI2c r_8 Pin=I2c r-8
Added Pin To Net: NetName=NetI2c r_8 Pin=P5-2
Added Net: Name=NetI2c r_8
Added Pin To Net: NetName=NetI2c r_9 Pin=I2c r-9
Added Pin To Net: NetName=NetI2c r_9 Pin=P4-1
Added Net: Name=NetI2c r_9
Added Pin To Net: NetName=NetI2c r_10 Pin=I2c r-10
Added Pin To Net: NetName=NetI2c r_10 Pin=P4-2
Added Net: Name=NetI2c r_10
Added Pin To Net: NetName=NetI2c r_11 Pin=I2c r-11
Added Pin To Net: NetName=NetI2c r_11 Pin=P3-1
Added Net: Name=NetI2c r_11
Added Pin To Net: NetName=NetI2c r_12 Pin=I2c r-12
Added Pin To Net: NetName=NetI2c r_12 Pin=P3-2
Added Net: Name=NetI2c r_12
Added Pin To Net: NetName=PWM2 Pin=PWM_L-3
Added Net: Name=PWM2
Added Pin To Net: NetName=PWM3 Pin=PWM_L-4
Added Net: Name=PWM3
Added Pin To Net: NetName=PWM4 Pin=PWM_L-5
Added Net: Name=PWM4
Added Pin To Net: NetName=PWM5 Pin=PWM_L-6
Added Net: Name=PWM5
Added Pin To Net: NetName=PWM6 Pin=PWM_L-7
Added Net: Name=PWM6
Added Pin To Net: NetName=PWM7 Pin=PWM_L-8
Added Net: Name=PWM7
Added Pin To Net: NetName=PWM8 Pin=PWM_H-1
Added Net: Name=PWM8
Added Pin To Net: NetName=PWM9 Pin=PWM_H-2
Added Net: Name=PWM9
Added Pin To Net: NetName=PWM10 Pin=PWM_H-3
Added Net: Name=PWM10
Added Pin To Net: NetName=PWM11 Pin=PWM_H-4
Added Net: Name=PWM11
Added Pin To Net: NetName=PWM12 Pin=PWM_H-5
Added Net: Name=PWM12
Added Pin To Net: NetName=PWM13 Pin=PWM_H-6
Added Net: Name=PWM13
Added Pin To Net: NetName=RESET Pin=POWER1-6
Added Net: Name=RESET
Added Pin To Net: NetName=RX0 Pin=PWM_L-1
Added Net: Name=RX0
Added Pin To Net: NetName=RX1 Pin=COMMS-3
Added Net: Name=RX1
Added Pin To Net: NetName=RX2 Pin=COMMS-5
Added Net: Name=RX2
Added Pin To Net: NetName=RX3 Pin=COMMS-7
Added Net: Name=RX3
Added Pin To Net: NetName=SCL Pin=COMMS-1
Added Net: Name=SCL
Added Pin To Net: NetName=SDA Pin=COMMS-2
Added Net: Name=SDA
Added Pin To Net: NetName=TX0 Pin=PWM_L-2
Added Net: Name=TX0
Added Pin To Net: NetName=TX1 Pin=COMMS-4
Added Net: Name=TX1
Added Pin To Net: NetName=TX2 Pin=COMMS-6
Added Net: Name=TX2
Added Pin To Net: NetName=TX3 Pin=COMMS-8
Added Net: Name=TX3
Added Pin To Net: NetName=VIN Pin=POWER1-1
Added Net: Name=VIN
Added Member To Class: ClassName=Arduino mega shield Member=Component AD_H1 Header 8
Added Member To Class: ClassName=Arduino mega shield Member=Component AD_L1 Header 8
Added Member To Class: ClassName=Designator Member=Component ADC l ADC left
Added Member To Class: ClassName=Designator Member=Component ADC r ADC right
Added Member To Class: ClassName=Designator Member=Component C1 Cap2
Added Member To Class: ClassName=Designator Member=Component C2 Cap2
Added Member To Class: ClassName=Arduino mega shield Member=Component COMMS Header 8
Added Member To Class: ClassName=Arduino mega shield Member=Component DIGITAL1 Header 18X2
Added Member To Class: ClassName=Designator Member=Component I2c l I2c left
Added Member To Class: ClassName=Designator Member=Component I2c r I2c right
Added Member To Class: ClassName=Designator Member=Component Input 5v Header 2
Added Member To Class: ClassName=Designator Member=Component P1 C1
Added Member To Class: ClassName=Designator Member=Component P2 C2
Added Member To Class: ClassName=Designator Member=Component P3 C3
Added Member To Class: ClassName=Designator Member=Component P4 C4
Added Member To Class: ClassName=Designator Member=Component P5 C5
Added Member To Class: ClassName=Designator Member=Component P6 C6
Added Member To Class: ClassName=Designator Member=Component P7 C7
Added Member To Class: ClassName=Designator Member=Component P8 C8
Added Member To Class: ClassName=Designator Member=Component P10 Header 5
Added Member To Class: ClassName=Designator Member=Component P11 Header 16
Added Member To Class: ClassName=Designator Member=Component P in Input SDA SCA
Added Member To Class: ClassName=Arduino mega shield Member=Component POWER1 Header 6
Added Member To Class: ClassName=Arduino mega shield Member=Component PWM_H Header 8
Added Member To Class: ClassName=Arduino mega shield Member=Component PWM_L Header 8
Added Room: Name=Designator
