Change Component Designator: OldDesignator=330OHM NewDesignator=330_1
Change Component Designator: OldDesignator=330OHM NewDesignator=330_2
Change Component Designator: OldDesignator=330OHM NewDesignator=330_3
Change Component Designator: OldDesignator=330OHM NewDesignator=330_4
Change Component Designator: OldDesignator=330OHM NewDesignator=330_5
Added Component: Designator=ADC l(HDR1X16)
Add component (AddParameter): Name = "LatestRevisionDate"; Value = "17-Jul-2002"; VariantName = "[No Variations]"
Add component (AddParameter): Name = "LatestRevisionNote"; Value = "Re-released for DXP Platform."; VariantName = "[No Variations]"
Add component (AddParameter): Name = "Publisher"; Value = "Altium Limited"; VariantName = "[No Variations]"
Added Component: Designator=ADC r(HDR1X8)
Add component (AddParameter): Name = "LatestRevisionDate"; Value = "17-Jul-2002"; VariantName = "[No Variations]"
Add component (AddParameter): Name = "LatestRevisionNote"; Value = "Re-released for DXP Platform."; VariantName = "[No Variations]"
Add component (AddParameter): Name = "Publisher"; Value = "Altium Limited"; VariantName = "[No Variations]"
Added Component: Designator=C1(CAPR5-4X5)
Add component (AddParameter): Name = "PackageDescription"; Value = "Capacitor; 2 Leads"; VariantName = "[No Variations]"
Add component (AddParameter): Name = "PackageReference"; Value = "CAPR5-4X5"; VariantName = "[No Variations]"
Add component (AddParameter): Name = "Published"; Value = "23-Sep-2002"; VariantName = "[No Variations]"
Add component (AddParameter): Name = "Publisher"; Value = "Altium Limited"; VariantName = "[No Variations]"
Add component (AddParameter): Name = "Value"; Value = "100nf"; VariantName = "[No Variations]"
Added Component: Designator=C2(CAPR5-4X5)
Add component (AddParameter): Name = "PackageDescription"; Value = "Capacitor; 2 Leads"; VariantName = "[No Variations]"
Add component (AddParameter): Name = "PackageReference"; Value = "CAPR5-4X5"; VariantName = "[No Variations]"
Add component (AddParameter): Name = "Published"; Value = "23-Sep-2002"; VariantName = "[No Variations]"
Add component (AddParameter): Name = "Publisher"; Value = "Altium Limited"; VariantName = "[No Variations]"
Add component (AddParameter): Name = "Value"; Value = "100nf"; VariantName = "[No Variations]"
Added Component: Designator=I2c l(HDR1X12)
Add component (AddParameter): Name = "LatestRevisionDate"; Value = "17-Jul-2002"; VariantName = "[No Variations]"
Add component (AddParameter): Name = "LatestRevisionNote"; Value = "Re-released for DXP Platform."; VariantName = "[No Variations]"
Add component (AddParameter): Name = "Publisher"; Value = "Altium Limited"; VariantName = "[No Variations]"
Added Component: Designator=I2c r(HDR1X12)
Add component (AddParameter): Name = "LatestRevisionDate"; Value = "17-Jul-2002"; VariantName = "[No Variations]"
Add component (AddParameter): Name = "LatestRevisionNote"; Value = "Re-released for DXP Platform."; VariantName = "[No Variations]"
Add component (AddParameter): Name = "Publisher"; Value = "Altium Limited"; VariantName = "[No Variations]"
Added Component: Designator=Input 5v(HDR1X2)
Add component (AddParameter): Name = "LatestRevisionDate"; Value = "17-Jul-2002"; VariantName = "[No Variations]"
Add component (AddParameter): Name = "LatestRevisionNote"; Value = "Re-released for DXP Platform."; VariantName = "[No Variations]"
Add component (AddParameter): Name = "Publisher"; Value = "Altium Limited"; VariantName = "[No Variations]"
Added Component: Designator=P1(HDR1X2)
Add component (AddParameter): Name = "LatestRevisionDate"; Value = "17-Jul-2002"; VariantName = "[No Variations]"
Add component (AddParameter): Name = "LatestRevisionNote"; Value = "Re-released for DXP Platform."; VariantName = "[No Variations]"
Add component (AddParameter): Name = "Publisher"; Value = "Altium Limited"; VariantName = "[No Variations]"
Added Component: Designator=P2(HDR1X2)
Add component (AddParameter): Name = "LatestRevisionDate"; Value = "17-Jul-2002"; VariantName = "[No Variations]"
Add component (AddParameter): Name = "LatestRevisionNote"; Value = "Re-released for DXP Platform."; VariantName = "[No Variations]"
Add component (AddParameter): Name = "Publisher"; Value = "Altium Limited"; VariantName = "[No Variations]"
Added Component: Designator=P3(HDR1X2)
Add component (AddParameter): Name = "LatestRevisionDate"; Value = "17-Jul-2002"; VariantName = "[No Variations]"
Add component (AddParameter): Name = "LatestRevisionNote"; Value = "Re-released for DXP Platform."; VariantName = "[No Variations]"
Add component (AddParameter): Name = "Publisher"; Value = "Altium Limited"; VariantName = "[No Variations]"
Added Component: Designator=P4(HDR1X2)
Add component (AddParameter): Name = "LatestRevisionDate"; Value = "17-Jul-2002"; VariantName = "[No Variations]"
Add component (AddParameter): Name = "LatestRevisionNote"; Value = "Re-released for DXP Platform."; VariantName = "[No Variations]"
Add component (AddParameter): Name = "Publisher"; Value = "Altium Limited"; VariantName = "[No Variations]"
Added Component: Designator=P5(HDR1X2)
Add component (AddParameter): Name = "LatestRevisionDate"; Value = "17-Jul-2002"; VariantName = "[No Variations]"
Add component (AddParameter): Name = "LatestRevisionNote"; Value = "Re-released for DXP Platform."; VariantName = "[No Variations]"
Add component (AddParameter): Name = "Publisher"; Value = "Altium Limited"; VariantName = "[No Variations]"
Added Component: Designator=P6(HDR1X2)
Add component (AddParameter): Name = "LatestRevisionDate"; Value = "17-Jul-2002"; VariantName = "[No Variations]"
Add component (AddParameter): Name = "LatestRevisionNote"; Value = "Re-released for DXP Platform."; VariantName = "[No Variations]"
Add component (AddParameter): Name = "Publisher"; Value = "Altium Limited"; VariantName = "[No Variations]"
Added Component: Designator=P7(HDR1X2)
Add component (AddParameter): Name = "LatestRevisionDate"; Value = "17-Jul-2002"; VariantName = "[No Variations]"
Add component (AddParameter): Name = "LatestRevisionNote"; Value = "Re-released for DXP Platform."; VariantName = "[No Variations]"
Add component (AddParameter): Name = "Publisher"; Value = "Altium Limited"; VariantName = "[No Variations]"
Added Component: Designator=P8(HDR1X2)
Add component (AddParameter): Name = "LatestRevisionDate"; Value = "17-Jul-2002"; VariantName = "[No Variations]"
Add component (AddParameter): Name = "LatestRevisionNote"; Value = "Re-released for DXP Platform."; VariantName = "[No Variations]"
Add component (AddParameter): Name = "Publisher"; Value = "Altium Limited"; VariantName = "[No Variations]"
Added Component: Designator=P10(HDR1X5)
Add component (AddParameter): Name = "LatestRevisionDate"; Value = "17-Jul-2002"; VariantName = "[No Variations]"
Add component (AddParameter): Name = "LatestRevisionNote"; Value = "Re-released for DXP Platform."; VariantName = "[No Variations]"
Add component (AddParameter): Name = "Publisher"; Value = "Altium Limited"; VariantName = "[No Variations]"
Added Component: Designator=P11(HDR1X16)
Add component (AddParameter): Name = "LatestRevisionDate"; Value = "17-Jul-2002"; VariantName = "[No Variations]"
Add component (AddParameter): Name = "LatestRevisionNote"; Value = "Re-released for DXP Platform."; VariantName = "[No Variations]"
Add component (AddParameter): Name = "Publisher"; Value = "Altium Limited"; VariantName = "[No Variations]"
Added Component: Designator=P in(HDR1X2)
Add component (AddParameter): Name = "LatestRevisionDate"; Value = "17-Jul-2002"; VariantName = "[No Variations]"
Add component (AddParameter): Name = "LatestRevisionNote"; Value = "Re-released for DXP Platform."; VariantName = "[No Variations]"
Add component (AddParameter): Name = "Publisher"; Value = "Altium Limited"; VariantName = "[No Variations]"
Added Pin To Net: NetName=NetADC l_1 Pin=ADC l-1
Added Pin To Net: NetName=NetADC l_2 Pin=ADC l-2
Added Pin To Net: NetName=NetADC l_3 Pin=ADC l-3
Added Pin To Net: NetName=NetADC l_4 Pin=ADC l-4
Added Pin To Net: NetName=NetADC l_5 Pin=ADC l-5
Added Pin To Net: NetName=NetADC l_6 Pin=ADC l-6
Added Pin To Net: NetName=NetADC l_7 Pin=ADC l-7
Added Pin To Net: NetName=NetADC l_8 Pin=ADC l-8
Added Pin To Net: NetName=NetADC l_9 Pin=ADC l-9
Added Pin To Net: NetName=NetADC l_10 Pin=ADC l-10
Added Pin To Net: NetName=NetADC l_11 Pin=ADC l-11
Added Pin To Net: NetName=NetADC l_12 Pin=ADC l-12
Added Pin To Net: NetName=NetADC l_13 Pin=ADC l-13
Added Pin To Net: NetName=NetADC l_14 Pin=ADC l-14
Added Pin To Net: NetName=NetADC l_15 Pin=ADC l-15
Added Pin To Net: NetName=NetADC l_16 Pin=ADC l-16
Added Pin To Net: NetName=NetADC r_1 Pin=ADC r-1
Added Pin To Net: NetName=NetADC r_2 Pin=ADC r-2
Added Pin To Net: NetName=NetADC r_3 Pin=ADC r-3
Added Pin To Net: NetName=NetADC r_4 Pin=ADC r-4
Added Pin To Net: NetName=NetADC r_5 Pin=ADC r-5
Added Pin To Net: NetName=GND Pin=ADC r-6
Added Pin To Net: NetName=+5 Pin=ADC r-7
Added Pin To Net: NetName=GND Pin=ADC r-8
Added Pin To Net: NetName=+5 Pin=C1-1
Added Pin To Net: NetName=GND Pin=C1-2
Added Pin To Net: NetName=+5 Pin=C2-1
Added Pin To Net: NetName=GND Pin=C2-2
Added Pin To Net: NetName=+5 Pin=I2c l-1
Added Pin To Net: NetName=GND Pin=I2c l-2
Added Pin To Net: NetName=NetI2c l_3 Pin=I2c l-3
Added Pin To Net: NetName=NetI2c l_4 Pin=I2c l-4
Added Pin To Net: NetName=NetI2c l_9 Pin=I2c l-9
Added Pin To Net: NetName=NetI2c l_10 Pin=I2c l-10
Added Pin To Net: NetName=NetI2c l_11 Pin=I2c l-11
Added Pin To Net: NetName=NetI2c l_12 Pin=I2c l-12
Added Pin To Net: NetName=NetI2c r_1 Pin=I2c r-1
Added Pin To Net: NetName=NetI2c r_2 Pin=I2c r-2
Added Pin To Net: NetName=NetI2c r_3 Pin=I2c r-3
Added Pin To Net: NetName=NetI2c r_4 Pin=I2c r-4
Added Pin To Net: NetName=NetI2c r_5 Pin=I2c r-5
Added Pin To Net: NetName=NetI2c r_6 Pin=I2c r-6
Added Pin To Net: NetName=NetI2c r_7 Pin=I2c r-7
Added Pin To Net: NetName=NetI2c r_8 Pin=I2c r-8
Added Pin To Net: NetName=NetI2c r_9 Pin=I2c r-9
Added Pin To Net: NetName=NetI2c r_10 Pin=I2c r-10
Added Pin To Net: NetName=NetI2c r_11 Pin=I2c r-11
Added Pin To Net: NetName=NetI2c r_12 Pin=I2c r-12
Added Pin To Net: NetName=+5 Pin=Input 5v-1
Added Pin To Net: NetName=GND Pin=Input 5v-2
Added Pin To Net: NetName=NetI2c l_9 Pin=P1-1
Added Pin To Net: NetName=NetI2c l_10 Pin=P1-2
Added Pin To Net: NetName=NetI2c l_11 Pin=P2-1
Added Pin To Net: NetName=NetI2c l_12 Pin=P2-2
Added Pin To Net: NetName=NetI2c r_11 Pin=P3-1
Added Pin To Net: NetName=NetI2c r_12 Pin=P3-2
Added Pin To Net: NetName=NetI2c r_9 Pin=P4-1
Added Pin To Net: NetName=NetI2c r_10 Pin=P4-2
Added Pin To Net: NetName=NetI2c r_7 Pin=P5-1
Added Pin To Net: NetName=NetI2c r_8 Pin=P5-2
Added Pin To Net: NetName=NetI2c r_5 Pin=P6-1
Added Pin To Net: NetName=NetI2c r_6 Pin=P6-2
Added Pin To Net: NetName=NetI2c r_3 Pin=P7-1
Added Pin To Net: NetName=NetI2c r_4 Pin=P7-2
Added Pin To Net: NetName=NetI2c r_1 Pin=P8-1
Added Pin To Net: NetName=NetI2c r_2 Pin=P8-2
Added Pin To Net: NetName=NetADC r_5 Pin=P10-1
Added Pin To Net: NetName=NetADC r_4 Pin=P10-2
Added Pin To Net: NetName=NetADC r_3 Pin=P10-3
Added Pin To Net: NetName=NetADC r_2 Pin=P10-4
Added Pin To Net: NetName=NetADC r_1 Pin=P10-5
Added Pin To Net: NetName=NetADC l_1 Pin=P11-1
Added Pin To Net: NetName=NetADC l_2 Pin=P11-2
Added Pin To Net: NetName=NetADC l_3 Pin=P11-3
Added Pin To Net: NetName=NetADC l_4 Pin=P11-4
Added Pin To Net: NetName=NetADC l_5 Pin=P11-5
Added Pin To Net: NetName=NetADC l_6 Pin=P11-6
Added Pin To Net: NetName=NetADC l_7 Pin=P11-7
Added Pin To Net: NetName=NetADC l_8 Pin=P11-8
Added Pin To Net: NetName=NetADC l_9 Pin=P11-9
Added Pin To Net: NetName=NetADC l_10 Pin=P11-10
Added Pin To Net: NetName=NetADC l_11 Pin=P11-11
Added Pin To Net: NetName=NetADC l_12 Pin=P11-12
Added Pin To Net: NetName=NetADC l_13 Pin=P11-13
Added Pin To Net: NetName=NetADC l_14 Pin=P11-14
Added Pin To Net: NetName=NetADC l_15 Pin=P11-15
Added Pin To Net: NetName=NetADC l_16 Pin=P11-16
Added Pin To Net: NetName=NetI2c l_3 Pin=P in-1
Added Pin To Net: NetName=NetI2c l_4 Pin=P in-2
Change Net Name : Old Net Name=Net330OHM_1 New Net Name=Net330_2_1
Added Pin To Net: NetName=Net330_1_1 Pin=330_1-1
Added Pin To Net: NetName=Net330_1_1 Pin=GREEN_A-1
Added Net: Name=Net330_1_1
Added Pin To Net: NetName=Net330_3_1 Pin=330_3-1
Added Pin To Net: NetName=Net330_3_1 Pin=GREEN_B-1
Added Net: Name=Net330_3_1
Added Pin To Net: NetName=Net330_4_1 Pin=330_4-1
Added Pin To Net: NetName=Net330_4_1 Pin=BLUE_B-1
Added Net: Name=Net330_4_1
Added Pin To Net: NetName=Net330_5_1 Pin=330_5-1
Added Pin To Net: NetName=Net330_5_1 Pin=RED_B-1
Added Net: Name=Net330_5_1
Added Member To Class: ClassName=Arduino mega shield Member=Component 330_1 Res1
Added Member To Class: ClassName=Arduino mega shield Member=Component 330_2 Res1
Added Member To Class: ClassName=Arduino mega shield Member=Component 330_3 Res1
Added Member To Class: ClassName=Arduino mega shield Member=Component 330_4 Res1
Added Member To Class: ClassName=Designator Member=Component ADC l ADC left
Added Member To Class: ClassName=Designator Member=Component ADC r ADC right
Added Member To Class: ClassName=Designator Member=Component C1 Cap2
Added Member To Class: ClassName=Designator Member=Component C2 Cap2
Added Member To Class: ClassName=Designator Member=Component I2c l I2c left
Added Member To Class: ClassName=Designator Member=Component I2c r I2c right
Added Member To Class: ClassName=Designator Member=Component Input 5v Header 2
Added Member To Class: ClassName=Designator Member=Component P1 C1
Added Member To Class: ClassName=Designator Member=Component P2 C2
Added Member To Class: ClassName=Designator Member=Component P3 C3
Added Member To Class: ClassName=Designator Member=Component P4 C4
Added Member To Class: ClassName=Designator Member=Component P5 C5
Added Member To Class: ClassName=Designator Member=Component P6 C6
Added Member To Class: ClassName=Designator Member=Component P7 C7
Added Member To Class: ClassName=Designator Member=Component P8 C8
Added Member To Class: ClassName=Designator Member=Component P10 Header 5
Added Member To Class: ClassName=Designator Member=Component P11 Header 16
Added Member To Class: ClassName=Designator Member=Component P in Input SDA SCA
