Added Component: Designator=ADC l(HDR1X16)
Add component (AddParameter): Name = "LatestRevisionDate"; Value = "17-Jul-2002"; VariantName = "[No Variations]"
Add component (AddParameter): Name = "LatestRevisionNote"; Value = "Re-released for DXP Platform."; VariantName = "[No Variations]"
Add component (AddParameter): Name = "Publisher"; Value = "Altium Limited"; VariantName = "[No Variations]"
Added Component: Designator=ADC r(HDR1X8)
Add component (AddParameter): Name = "LatestRevisionDate"; Value = "17-Jul-2002"; VariantName = "[No Variations]"
Add component (AddParameter): Name = "LatestRevisionNote"; Value = "Re-released for DXP Platform."; VariantName = "[No Variations]"
Add component (AddParameter): Name = "Publisher"; Value = "Altium Limited"; VariantName = "[No Variations]"
Added Component: Designator=I2c l(HDR1X12)
Add component (AddParameter): Name = "LatestRevisionDate"; Value = "17-Jul-2002"; VariantName = "[No Variations]"
Add component (AddParameter): Name = "LatestRevisionNote"; Value = "Re-released for DXP Platform."; VariantName = "[No Variations]"
Add component (AddParameter): Name = "Publisher"; Value = "Altium Limited"; VariantName = "[No Variations]"
Added Component: Designator=I2c r(HDR1X12)
Add component (AddParameter): Name = "LatestRevisionDate"; Value = "17-Jul-2002"; VariantName = "[No Variations]"
Add component (AddParameter): Name = "LatestRevisionNote"; Value = "Re-released for DXP Platform."; VariantName = "[No Variations]"
Add component (AddParameter): Name = "Publisher"; Value = "Altium Limited"; VariantName = "[No Variations]"
Added Component: Designator=Input 5v(HDR1X2)
Add component (AddParameter): Name = "LatestRevisionDate"; Value = "17-Jul-2002"; VariantName = "[No Variations]"
Add component (AddParameter): Name = "LatestRevisionNote"; Value = "Re-released for DXP Platform."; VariantName = "[No Variations]"
Add component (AddParameter): Name = "Publisher"; Value = "Altium Limited"; VariantName = "[No Variations]"
Added Component: Designator=P1(HDR1X2)
Add component (AddParameter): Name = "LatestRevisionDate"; Value = "17-Jul-2002"; VariantName = "[No Variations]"
Add component (AddParameter): Name = "LatestRevisionNote"; Value = "Re-released for DXP Platform."; VariantName = "[No Variations]"
Add component (AddParameter): Name = "Publisher"; Value = "Altium Limited"; VariantName = "[No Variations]"
Added Component: Designator=P2(HDR1X2)
Add component (AddParameter): Name = "LatestRevisionDate"; Value = "17-Jul-2002"; VariantName = "[No Variations]"
Add component (AddParameter): Name = "LatestRevisionNote"; Value = "Re-released for DXP Platform."; VariantName = "[No Variations]"
Add component (AddParameter): Name = "Publisher"; Value = "Altium Limited"; VariantName = "[No Variations]"
Added Component: Designator=P3(HDR1X2)
Add component (AddParameter): Name = "LatestRevisionDate"; Value = "17-Jul-2002"; VariantName = "[No Variations]"
Add component (AddParameter): Name = "LatestRevisionNote"; Value = "Re-released for DXP Platform."; VariantName = "[No Variations]"
Add component (AddParameter): Name = "Publisher"; Value = "Altium Limited"; VariantName = "[No Variations]"
Added Component: Designator=P4(HDR1X2)
Add component (AddParameter): Name = "LatestRevisionDate"; Value = "17-Jul-2002"; VariantName = "[No Variations]"
Add component (AddParameter): Name = "LatestRevisionNote"; Value = "Re-released for DXP Platform."; VariantName = "[No Variations]"
Add component (AddParameter): Name = "Publisher"; Value = "Altium Limited"; VariantName = "[No Variations]"
Added Component: Designator=P5(HDR1X2)
Add component (AddParameter): Name = "LatestRevisionDate"; Value = "17-Jul-2002"; VariantName = "[No Variations]"
Add component (AddParameter): Name = "LatestRevisionNote"; Value = "Re-released for DXP Platform."; VariantName = "[No Variations]"
Add component (AddParameter): Name = "Publisher"; Value = "Altium Limited"; VariantName = "[No Variations]"
Added Component: Designator=P6(HDR1X2)
Add component (AddParameter): Name = "LatestRevisionDate"; Value = "17-Jul-2002"; VariantName = "[No Variations]"
Add component (AddParameter): Name = "LatestRevisionNote"; Value = "Re-released for DXP Platform."; VariantName = "[No Variations]"
Add component (AddParameter): Name = "Publisher"; Value = "Altium Limited"; VariantName = "[No Variations]"
Added Component: Designator=P7(HDR1X2)
Add component (AddParameter): Name = "LatestRevisionDate"; Value = "17-Jul-2002"; VariantName = "[No Variations]"
Add component (AddParameter): Name = "LatestRevisionNote"; Value = "Re-released for DXP Platform."; VariantName = "[No Variations]"
Add component (AddParameter): Name = "Publisher"; Value = "Altium Limited"; VariantName = "[No Variations]"
Added Component: Designator=P8(HDR1X2)
Add component (AddParameter): Name = "LatestRevisionDate"; Value = "17-Jul-2002"; VariantName = "[No Variations]"
Add component (AddParameter): Name = "LatestRevisionNote"; Value = "Re-released for DXP Platform."; VariantName = "[No Variations]"
Add component (AddParameter): Name = "Publisher"; Value = "Altium Limited"; VariantName = "[No Variations]"
Added Component: Designator=P9(HDR1X2)
Add component (AddParameter): Name = "LatestRevisionDate"; Value = "17-Jul-2002"; VariantName = "[No Variations]"
Add component (AddParameter): Name = "LatestRevisionNote"; Value = "Re-released for DXP Platform."; VariantName = "[No Variations]"
Add component (AddParameter): Name = "Publisher"; Value = "Altium Limited"; VariantName = "[No Variations]"
Added Component: Designator=P10(HDR1X5)
Add component (AddParameter): Name = "LatestRevisionDate"; Value = "17-Jul-2002"; VariantName = "[No Variations]"
Add component (AddParameter): Name = "LatestRevisionNote"; Value = "Re-released for DXP Platform."; VariantName = "[No Variations]"
Add component (AddParameter): Name = "Publisher"; Value = "Altium Limited"; VariantName = "[No Variations]"
Added Component: Designator=P11(HDR1X16)
Add component (AddParameter): Name = "LatestRevisionDate"; Value = "17-Jul-2002"; VariantName = "[No Variations]"
Add component (AddParameter): Name = "LatestRevisionNote"; Value = "Re-released for DXP Platform."; VariantName = "[No Variations]"
Add component (AddParameter): Name = "Publisher"; Value = "Altium Limited"; VariantName = "[No Variations]"
Added Pin To Net: NetName=+5 Pin=ADC r-7
Added Pin To Net: NetName=+5 Pin=I2c l-1
Added Pin To Net: NetName=+5 Pin=Input 5v-1
Added Net: Name=+5
Added Pin To Net: NetName=GND Pin=ADC r-6
Added Pin To Net: NetName=GND Pin=ADC r-8
Added Pin To Net: NetName=GND Pin=I2c l-2
Added Pin To Net: NetName=GND Pin=Input 5v-2
Added Net: Name=GND
Added Pin To Net: NetName=NetADC l_1 Pin=ADC l-1
Added Pin To Net: NetName=NetADC l_1 Pin=P11-1
Added Net: Name=NetADC l_1
Added Pin To Net: NetName=NetADC l_2 Pin=ADC l-2
Added Pin To Net: NetName=NetADC l_2 Pin=P11-2
Added Net: Name=NetADC l_2
Added Pin To Net: NetName=NetADC l_3 Pin=ADC l-3
Added Pin To Net: NetName=NetADC l_3 Pin=P11-3
Added Net: Name=NetADC l_3
Added Pin To Net: NetName=NetADC l_4 Pin=ADC l-4
Added Pin To Net: NetName=NetADC l_4 Pin=P11-4
Added Net: Name=NetADC l_4
Added Pin To Net: NetName=NetADC l_5 Pin=ADC l-5
Added Pin To Net: NetName=NetADC l_5 Pin=P11-5
Added Net: Name=NetADC l_5
Added Pin To Net: NetName=NetADC l_6 Pin=ADC l-6
Added Pin To Net: NetName=NetADC l_6 Pin=P11-6
Added Net: Name=NetADC l_6
Added Pin To Net: NetName=NetADC l_7 Pin=ADC l-7
Added Pin To Net: NetName=NetADC l_7 Pin=P11-7
Added Net: Name=NetADC l_7
Added Pin To Net: NetName=NetADC l_8 Pin=ADC l-8
Added Pin To Net: NetName=NetADC l_8 Pin=P11-8
Added Net: Name=NetADC l_8
Added Pin To Net: NetName=NetADC l_9 Pin=ADC l-9
Added Pin To Net: NetName=NetADC l_9 Pin=P11-9
Added Net: Name=NetADC l_9
Added Pin To Net: NetName=NetADC l_10 Pin=ADC l-10
Added Pin To Net: NetName=NetADC l_10 Pin=P11-10
Added Net: Name=NetADC l_10
Added Pin To Net: NetName=NetADC l_11 Pin=ADC l-11
Added Pin To Net: NetName=NetADC l_11 Pin=P11-11
Added Net: Name=NetADC l_11
Added Pin To Net: NetName=NetADC l_12 Pin=ADC l-12
Added Pin To Net: NetName=NetADC l_12 Pin=P11-12
Added Net: Name=NetADC l_12
Added Pin To Net: NetName=NetADC l_13 Pin=ADC l-13
Added Pin To Net: NetName=NetADC l_13 Pin=P11-13
Added Net: Name=NetADC l_13
Added Pin To Net: NetName=NetADC l_14 Pin=ADC l-14
Added Pin To Net: NetName=NetADC l_14 Pin=P11-14
Added Net: Name=NetADC l_14
Added Pin To Net: NetName=NetADC l_15 Pin=ADC l-15
Added Pin To Net: NetName=NetADC l_15 Pin=P11-15
Added Net: Name=NetADC l_15
Added Pin To Net: NetName=NetADC l_16 Pin=ADC l-16
Added Pin To Net: NetName=NetADC l_16 Pin=P11-16
Added Net: Name=NetADC l_16
Added Pin To Net: NetName=NetADC r_1 Pin=ADC r-1
Added Pin To Net: NetName=NetADC r_1 Pin=P10-5
Added Net: Name=NetADC r_1
Added Pin To Net: NetName=NetADC r_2 Pin=ADC r-2
Added Pin To Net: NetName=NetADC r_2 Pin=P10-4
Added Net: Name=NetADC r_2
Added Pin To Net: NetName=NetADC r_3 Pin=ADC r-3
Added Pin To Net: NetName=NetADC r_3 Pin=P10-3
Added Net: Name=NetADC r_3
Added Pin To Net: NetName=NetADC r_4 Pin=ADC r-4
Added Pin To Net: NetName=NetADC r_4 Pin=P10-2
Added Net: Name=NetADC r_4
Added Pin To Net: NetName=NetADC r_5 Pin=ADC r-5
Added Pin To Net: NetName=NetADC r_5 Pin=P10-1
Added Net: Name=NetADC r_5
Added Pin To Net: NetName=NetI2c l_3 Pin=I2c l-3
Added Pin To Net: NetName=NetI2c l_3 Pin=P5-1
Added Net: Name=NetI2c l_3
Added Pin To Net: NetName=NetI2c l_4 Pin=I2c l-4
Added Pin To Net: NetName=NetI2c l_4 Pin=P5-2
Added Net: Name=NetI2c l_4
Added Pin To Net: NetName=NetI2c l_9 Pin=I2c l-9
Added Pin To Net: NetName=NetI2c l_9 Pin=P7-1
Added Net: Name=NetI2c l_9
Added Pin To Net: NetName=NetI2c l_10 Pin=I2c l-10
Added Pin To Net: NetName=NetI2c l_10 Pin=P7-2
Added Net: Name=NetI2c l_10
Added Pin To Net: NetName=NetI2c l_11 Pin=I2c l-11
Added Pin To Net: NetName=NetI2c l_11 Pin=P9-1
Added Net: Name=NetI2c l_11
Added Pin To Net: NetName=NetI2c l_12 Pin=I2c l-12
Added Pin To Net: NetName=NetI2c l_12 Pin=P9-2
Added Net: Name=NetI2c l_12
Added Pin To Net: NetName=NetI2c r_1 Pin=I2c r-1
Added Pin To Net: NetName=NetI2c r_1 Pin=P1-1
Added Net: Name=NetI2c r_1
Added Pin To Net: NetName=NetI2c r_2 Pin=I2c r-2
Added Pin To Net: NetName=NetI2c r_2 Pin=P1-2
Added Net: Name=NetI2c r_2
Added Pin To Net: NetName=NetI2c r_3 Pin=I2c r-3
Added Pin To Net: NetName=NetI2c r_3 Pin=P2-1
Added Net: Name=NetI2c r_3
Added Pin To Net: NetName=NetI2c r_4 Pin=I2c r-4
Added Pin To Net: NetName=NetI2c r_4 Pin=P2-2
Added Net: Name=NetI2c r_4
Added Pin To Net: NetName=NetI2c r_5 Pin=I2c r-5
Added Pin To Net: NetName=NetI2c r_5 Pin=P3-1
Added Net: Name=NetI2c r_5
Added Pin To Net: NetName=NetI2c r_6 Pin=I2c r-6
Added Pin To Net: NetName=NetI2c r_6 Pin=P3-2
Added Net: Name=NetI2c r_6
Added Pin To Net: NetName=NetI2c r_7 Pin=I2c r-7
Added Pin To Net: NetName=NetI2c r_7 Pin=P4-1
Added Net: Name=NetI2c r_7
Added Pin To Net: NetName=NetI2c r_8 Pin=I2c r-8
Added Pin To Net: NetName=NetI2c r_8 Pin=P4-2
Added Net: Name=NetI2c r_8
Added Pin To Net: NetName=NetI2c r_9 Pin=I2c r-9
Added Pin To Net: NetName=NetI2c r_9 Pin=P6-1
Added Net: Name=NetI2c r_9
Added Pin To Net: NetName=NetI2c r_10 Pin=I2c r-10
Added Pin To Net: NetName=NetI2c r_10 Pin=P6-2
Added Net: Name=NetI2c r_10
Added Pin To Net: NetName=NetI2c r_11 Pin=I2c r-11
Added Pin To Net: NetName=NetI2c r_11 Pin=P8-1
Added Net: Name=NetI2c r_11
Added Pin To Net: NetName=NetI2c r_12 Pin=I2c r-12
Added Pin To Net: NetName=NetI2c r_12 Pin=P8-2
Added Net: Name=NetI2c r_12
Added Class: Name=Designator
Added Room: Name=Designator
